#
# A fatal error has been detected by the Java Runtime Environment:
#
#  EXCEPTION_ACCESS_VIOLATION (0xc0000005) at pc=0x0000000070238d85, pid=337952, tid=54684
#
# JRE version: Java(TM) SE Runtime Environment (8.0_74-b02) (build 1.8.0_74-b02)
# Java VM: Java HotSpot(TM) 64-Bit Server VM (25.74-b02 mixed mode windows-amd64 compressed oops)
# Problematic frame:
# V  [jvm.dll+0x128d85]
#
# Failed to write core dump. Minidumps are not enabled by default on client versions of Windows
#
# If you would like to submit a bug report, please visit:
#   http://bugreport.java.com/bugreport/crash.jsp
#

---------------  T H R E A D  ---------------

Current thread (0x000000001dac7800):  JavaThread "JDWP Transport Listener: dt_socket" daemon [_thread_in_vm, id=54684, stack(0x000000001f430000,0x000000001f530000)]

siginfo: ExceptionCode=0xc0000005, reading address 0x00003b003b746e65

Registers:
RAX=0x000000001f52f401, RBX=0x000000001dac7800, RCX=0x00003b003b746e65, RDX=0x0000000000000000
RSP=0x000000001f52f470, RBP=0x00003b003b746e65, RSI=0x000000001f52f588, RDI=0x0000000002458f70
R8 =0x000000001dac7800, R9 =0x000000000000ff00, R10=0x0000000000000000, R11=0x000734ca0f34030c
R12=0x0000000000000000, R13=0x000000001dac0dc8, R14=0x0000000000000000, R15=0x0000000000000000
RIP=0x0000000070238d85, EFLAGS=0x0000000000010206

Top of Stack: (sp=0x000000001f52f470)
0x000000001f52f470:   000000001dac7800 000000001dac7800
0x000000001f52f480:   000000001f52f538 000000007043e33b
0x000000001f52f490:   000000001dac7800 000000007045ab9d
0x000000001f52f4a0:   0000000000000000 000000005b039155
0x000000001f52f4b0:   000000002078d7f8 000000005b04291e
0x000000001f52f4c0:   000000001dac7800 0000000000000000
0x000000001f52f4d0:   0000000000000000 0000000000000000
0x000000001f52f4e0:   00003b003b746e65 000000005b041a15
0x000000001f52f4f0:   000000001f52f588 000000001f52f560
0x000000001f52f500:   0000000000000001 000000002078d7f8
0x000000001f52f510:   00003b003b746e65 000000005b0253b3
0x000000001f52f520:   000000001f52f650 0000000000000001
0x000000001f52f530:   0000000000000001 000000002078d7f8
0x000000001f52f540:   0000000000000001 0000000000000000
0x000000001f52f550:   0000000000000000 0000000000000000
0x000000001f52f560:   0000000000000001 000000005b025571 

Instructions: (pc=0x0000000070238d85)
0x0000000070238d65:   cc cc cc cc cc cc cc cc cc cc cc 48 83 ec 28 48
0x0000000070238d75:   85 c9 75 07 33 c0 48 83 c4 28 c3 48 89 5c 24 20
0x0000000070238d85:   48 8b 19 48 85 db 74 20 48 83 fb 37 74 1a 48 8b
0x0000000070238d95:   13 48 8b cb ff 52 10 84 c0 74 0d 48 8b c3 48 8b 


Register to memory mapping:

RAX=0x000000001f52f401 is pointing into the stack for thread: 0x000000001dac7800
RBX=0x000000001dac7800 is a thread
RCX=0x00003b003b746e65 is an unknown value
RDX=0x0000000000000000 is an unknown value
RSP=0x000000001f52f470 is pointing into the stack for thread: 0x000000001dac7800
RBP=0x00003b003b746e65 is an unknown value
RSI=0x000000001f52f588 is pointing into the stack for thread: 0x000000001dac7800
RDI=0x0000000002458f70 is an unknown value
R8 =0x000000001dac7800 is a thread
R9 =0x000000000000ff00 is an unknown value
R10=0x0000000000000000 is an unknown value
R11=0x000734ca0f34030c is an unknown value
R12=0x0000000000000000 is an unknown value
R13=0x000000001dac0dc8 is an unknown value
R14=0x0000000000000000 is an unknown value
R15=0x0000000000000000 is an unknown value


Stack: [0x000000001f430000,0x000000001f530000],  sp=0x000000001f52f470,  free space=1021k
Native frames: (J=compiled Java code, j=interpreted, Vv=VM code, C=native code)
V  [jvm.dll+0x128d85]
V  [jvm.dll+0x34ab9d]
C  [jdwp.dll+0x21a15]
C  [jdwp.dll+0x53b3]
C  [jdwp.dll+0x5571]
C  [jdwp.dll+0xf0a8]
C  [jdwp.dll+0x1f2d5]
C  [jdwp.dll+0x1f4aa]
V  [jvm.dll+0x1bba58]
V  [jvm.dll+0x243434]
V  [jvm.dll+0x29a27a]
C  [msvcr100.dll+0x21d9f]
C  [msvcr100.dll+0x21e3b]
C  [kernel32.dll+0x1556d]
C  [ntdll.dll+0x5385d]


---------------  P R O C E S S  ---------------

Java Threads: ( => current thread )
  0x000000002402e000 JavaThread "HikariPool-2 connection adder" daemon [_thread_blocked, id=333368, stack(0x000000002aeb0000,0x000000002afb0000)]
  0x000000002402c800 JavaThread "HikariPool-2 connection closer" daemon [_thread_blocked, id=203044, stack(0x0000000021d60000,0x0000000021e60000)]
  0x000000002402b800 JavaThread "DestroyJavaVM" [_thread_blocked, id=332044, stack(0x0000000002820000,0x0000000002920000)]
  0x000000002402a800 JavaThread "pool-3-thread-1" [_thread_blocked, id=338068, stack(0x000000002de60000,0x000000002df60000)]
  0x000000002402a000 JavaThread "Live Reload Server" daemon [_thread_in_native, id=338896, stack(0x000000002b0d0000,0x000000002b1d0000)]
  0x0000000024029000 JavaThread "File Watcher" daemon [_thread_blocked, id=338500, stack(0x000000002a3b0000,0x000000002a4b0000)]
  0x0000000026d00000 JavaThread "HikariPool-2 housekeeper" daemon [_thread_blocked, id=336588, stack(0x000000002b420000,0x000000002b520000)]
  0x0000000027dc8800 JavaThread "HikariPool-1 housekeeper" daemon [_thread_blocked, id=226508, stack(0x0000000021f10000,0x0000000022010000)]
  0x000000001db9f000 JavaThread "Service Thread" daemon [_thread_blocked, id=260416, stack(0x00000000200c0000,0x00000000201c0000)]
  0x000000001db5e000 JavaThread "C1 CompilerThread3" daemon [_thread_blocked, id=336968, stack(0x000000001fed0000,0x000000001ffd0000)]
  0x000000001db31000 JavaThread "C2 CompilerThread2" daemon [_thread_blocked, id=338900, stack(0x000000001fd10000,0x000000001fe10000)]
  0x000000001db18000 JavaThread "C2 CompilerThread1" daemon [_thread_blocked, id=251492, stack(0x000000001fb60000,0x000000001fc60000)]
  0x000000001dae7000 JavaThread "C2 CompilerThread0" daemon [_thread_blocked, id=335952, stack(0x000000001ee30000,0x000000001ef30000)]
  0x000000001dad2000 JavaThread "JDWP Command Reader" daemon [_thread_in_native, id=17676, stack(0x000000001f630000,0x000000001f730000)]
  0x000000001dacd800 JavaThread "JDWP Event Helper Thread" daemon [_thread_blocked, id=333572, stack(0x000000001fa30000,0x000000001fb30000)]
=>0x000000001dac7800 JavaThread "JDWP Transport Listener: dt_socket" daemon [_thread_in_vm, id=54684, stack(0x000000001f430000,0x000000001f530000)]
  0x000000001dab8800 JavaThread "Attach Listener" daemon [_thread_blocked, id=336444, stack(0x000000001f1c0000,0x000000001f2c0000)]
  0x000000001dab7000 JavaThread "Signal Dispatcher" daemon [_thread_blocked, id=333256, stack(0x000000001efa0000,0x000000001f0a0000)]
  0x000000001ca05800 JavaThread "Finalizer" daemon [_thread_blocked, id=338288, stack(0x000000001ed10000,0x000000001ee10000)]
  0x000000001c9ff000 JavaThread "Reference Handler" daemon [_thread_blocked, id=252192, stack(0x000000001eba0000,0x000000001eca0000)]

Other Threads:
  0x000000001da62800 VMThread [stack: 0x000000001ea10000,0x000000001eb10000] [id=285792]
  0x000000001dc06000 WatcherThread [stack: 0x000000001f890000,0x000000001f990000] [id=327064]

VM state:not at safepoint (normal execution)

VM Mutex/Monitor currently owned by a thread: None

Heap:
 PSYoungGen      total 335872K, used 171570K [0x000000076af00000, 0x0000000781600000, 0x00000007c0000000)
  eden space 318976K, 53% used [0x000000076af00000,0x000000077568c8d8,0x000000077e680000)
  from space 16896K, 0% used [0x0000000780580000,0x0000000780580000,0x0000000781600000)
  to   space 20992K, 0% used [0x000000077ed00000,0x000000077ed00000,0x0000000780180000)
 ParOldGen       total 164864K, used 26297K [0x00000006c0c00000, 0x00000006cad00000, 0x000000076af00000)
  object space 164864K, 15% used [0x00000006c0c00000,0x00000006c25ae500,0x00000006cad00000)
 Metaspace       used 57481K, capacity 59504K, committed 59776K, reserved 1101824K
  class space    used 7392K, capacity 7779K, committed 7808K, reserved 1048576K

Card table byte_map: [0x0000000011fb0000,0x00000000127b0000] byte_map_base: 0x000000000e9aa000

Marking Bits: (ParMarkBitMap*) 0x0000000070920600
 Begin Bits: [0x0000000013870000, 0x0000000017840000)
 End Bits:   [0x0000000017840000, 0x000000001b810000)

Polling page: 0x00000000002a0000

CodeCache: size=245760Kb used=17711Kb max_used=17711Kb free=228048Kb
 bounds [0x0000000002bf0000, 0x0000000003d60000, 0x0000000011bf0000]
 total_blobs=5661 nmethods=5075 adapters=506
 compilation: enabled

Compilation events (10 events):
Event: 1803.386 Thread 0x000000001db31000 6028   !   4       oracle.jdbc.driver.T4CMAREngine::unmarshalUB1 (53 bytes)
Event: 1803.386 Thread 0x000000001db5e000 6029       3       oracle.jdbc.driver.T4CSocketOutputStreamWrapper::flush (6 bytes)
Event: 1803.386 Thread 0x000000001db5e000 nmethod 6029 0x000000000358b190 code [0x000000000358b300, 0x000000000358b4a8]
Event: 1803.388 Thread 0x000000001db31000 nmethod 6028 0x000000000358ab10 code [0x000000000358ac80, 0x000000000358aee8]
Event: 1804.180 Thread 0x000000001db5e000 6030       3       java.math.MutableBigInteger::normalize (91 bytes)
Event: 1804.180 Thread 0x000000001dae7000 6031       4       sun.security.ssl.OutputRecord::availableDataBytes (15 bytes)
Event: 1804.180 Thread 0x000000001db5e000 nmethod 6030 0x0000000003d55610 code [0x0000000003d55780, 0x0000000003d55af0]
Event: 1804.180 Thread 0x000000001dae7000 nmethod 6031 0x0000000002ecdb10 code [0x0000000002ecdc40, 0x0000000002ecdc98]
Event: 1804.180 Thread 0x000000001db5e000 6032       3       com.microsoft.sqlserver.jdbc.TDSWriter::flush (210 bytes)
Event: 1804.182 Thread 0x000000001db5e000 nmethod 6032 0x0000000003d57390 code [0x0000000003d57700, 0x0000000003d597a8]

GC Heap History (10 events):
Event: 4.431 GC heap before
{Heap before GC invocations=7 (full 1):
 PSYoungGen      total 136704K, used 28246K [0x000000076af00000, 0x0000000778980000, 0x00000007c0000000)
  eden space 125952K, 13% used [0x000000076af00000,0x000000076c0185c0,0x0000000772a00000)
  from space 10752K, 99% used [0x0000000772a00000,0x000000077347d388,0x0000000773480000)
  to   space 12288K, 0% used [0x0000000777d80000,0x0000000777d80000,0x0000000778980000)
 ParOldGen       total 90624K, used 8316K [0x00000006c0c00000, 0x00000006c6480000, 0x000000076af00000)
  object space 90624K, 9% used [0x00000006c0c00000,0x00000006c141f0b8,0x00000006c6480000)
 Metaspace       used 33991K, capacity 35196K, committed 35416K, reserved 1081344K
  class space    used 4221K, capacity 4509K, committed 4608K, reserved 1048576K
Event: 4.445 GC heap after
Heap after GC invocations=7 (full 1):
 PSYoungGen      total 211456K, used 8851K [0x000000076af00000, 0x0000000779d80000, 0x00000007c0000000)
  eden space 199168K, 0% used [0x000000076af00000,0x000000076af00000,0x0000000777180000)
  from space 12288K, 72% used [0x0000000777d80000,0x0000000778624fe8,0x0000000778980000)
  to   space 12288K, 0% used [0x0000000777180000,0x0000000777180000,0x0000000777d80000)
 ParOldGen       total 90624K, used 8324K [0x00000006c0c00000, 0x00000006c6480000, 0x000000076af00000)
  object space 90624K, 9% used [0x00000006c0c00000,0x00000006c14210b8,0x00000006c6480000)
 Metaspace       used 33991K, capacity 35196K, committed 35416K, reserved 1081344K
  class space    used 4221K, capacity 4509K, committed 4608K, reserved 1048576K
}
Event: 4.445 GC heap before
{Heap before GC invocations=8 (full 2):
 PSYoungGen      total 211456K, used 8851K [0x000000076af00000, 0x0000000779d80000, 0x00000007c0000000)
  eden space 199168K, 0% used [0x000000076af00000,0x000000076af00000,0x0000000777180000)
  from space 12288K, 72% used [0x0000000777d80000,0x0000000778624fe8,0x0000000778980000)
  to   space 12288K, 0% used [0x0000000777180000,0x0000000777180000,0x0000000777d80000)
 ParOldGen       total 90624K, used 8324K [0x00000006c0c00000, 0x00000006c6480000, 0x000000076af00000)
  object space 90624K, 9% used [0x00000006c0c00000,0x00000006c14210b8,0x00000006c6480000)
 Metaspace       used 33991K, capacity 35196K, committed 35416K, reserved 1081344K
  class space    used 4221K, capacity 4509K, committed 4608K, reserved 1048576K
Event: 4.487 GC heap after
Heap after GC invocations=8 (full 2):
 PSYoungGen      total 211456K, used 0K [0x000000076af00000, 0x0000000779d80000, 0x00000007c0000000)
  eden space 199168K, 0% used [0x000000076af00000,0x000000076af00000,0x0000000777180000)
  from space 12288K, 0% used [0x0000000777d80000,0x0000000777d80000,0x0000000778980000)
  to   space 12288K, 0% used [0x0000000777180000,0x0000000777180000,0x0000000777d80000)
 ParOldGen       total 124928K, used 12984K [0x00000006c0c00000, 0x00000006c8600000, 0x000000076af00000)
  object space 124928K, 10% used [0x00000006c0c00000,0x00000006c18ae1e0,0x00000006c8600000)
 Metaspace       used 33991K, capacity 35196K, committed 35416K, reserved 1081344K
  class space    used 4221K, capacity 4509K, committed 4608K, reserved 1048576K
}
Event: 8.316 GC heap before
{Heap before GC invocations=9 (full 2):
 PSYoungGen      total 211456K, used 199168K [0x000000076af00000, 0x0000000779d80000, 0x00000007c0000000)
  eden space 199168K, 100% used [0x000000076af00000,0x0000000777180000,0x0000000777180000)
  from space 12288K, 0% used [0x0000000777d80000,0x0000000777d80000,0x0000000778980000)
  to   space 12288K, 0% used [0x0000000777180000,0x0000000777180000,0x0000000777d80000)
 ParOldGen       total 124928K, used 12984K [0x00000006c0c00000, 0x00000006c8600000, 0x000000076af00000)
  object space 124928K, 10% used [0x00000006c0c00000,0x00000006c18ae1e0,0x00000006c8600000)
 Metaspace       used 52016K, capacity 53828K, committed 54016K, reserved 1095680K
  class space    used 6716K, capacity 7093K, committed 7168K, reserved 1048576K
Event: 8.420 GC heap after
Heap after GC invocations=9 (full 2):
 PSYoungGen      total 211456K, used 12263K [0x000000076af00000, 0x0000000781800000, 0x00000007c0000000)
  eden space 199168K, 0% used [0x000000076af00000,0x000000076af00000,0x0000000777180000)
  from space 12288K, 99% used [0x0000000777180000,0x0000000777d79cd8,0x0000000777d80000)
  to   space 18944K, 0% used [0x0000000780580000,0x0000000780580000,0x0000000781800000)
 ParOldGen       total 124928K, used 23525K [0x00000006c0c00000, 0x00000006c8600000, 0x000000076af00000)
  object space 124928K, 18% used [0x00000006c0c00000,0x00000006c22f9430,0x00000006c8600000)
 Metaspace       used 52016K, capacity 53828K, committed 54016K, reserved 1095680K
  class space    used 6716K, capacity 7093K, committed 7168K, reserved 1048576K
}
Event: 111.324 GC heap before
{Heap before GC invocations=10 (full 2):
 PSYoungGen      total 211456K, used 106589K [0x000000076af00000, 0x0000000781800000, 0x00000007c0000000)
  eden space 199168K, 47% used [0x000000076af00000,0x0000000770b1d8d8,0x0000000777180000)
  from space 12288K, 99% used [0x0000000777180000,0x0000000777d79cd8,0x0000000777d80000)
  to   space 18944K, 0% used [0x0000000780580000,0x0000000780580000,0x0000000781800000)
 ParOldGen       total 124928K, used 23525K [0x00000006c0c00000, 0x00000006c8600000, 0x000000076af00000)
  object space 124928K, 18% used [0x00000006c0c00000,0x00000006c22f9430,0x00000006c8600000)
 Metaspace       used 56841K, capacity 58876K, committed 59008K, reserved 1099776K
  class space    used 7347K, capacity 7733K, committed 7808K, reserved 1048576K
Event: 111.339 GC heap after
Heap after GC invocations=10 (full 2):
 PSYoungGen      total 335872K, used 16522K [0x000000076af00000, 0x0000000781600000, 0x00000007c0000000)
  eden space 318976K, 0% used [0x000000076af00000,0x000000076af00000,0x000000077e680000)
  from space 16896K, 97% used [0x0000000780580000,0x00000007815a2ba0,0x0000000781600000)
  to   space 20992K, 0% used [0x000000077ed00000,0x000000077ed00000,0x0000000780180000)
 ParOldGen       total 124928K, used 23533K [0x00000006c0c00000, 0x00000006c8600000, 0x000000076af00000)
  object space 124928K, 18% used [0x00000006c0c00000,0x00000006c22fb430,0x00000006c8600000)
 Metaspace       used 56841K, capacity 58876K, committed 59008K, reserved 1099776K
  class space    used 7347K, capacity 7733K, committed 7808K, reserved 1048576K
}
Event: 111.339 GC heap before
{Heap before GC invocations=11 (full 3):
 PSYoungGen      total 335872K, used 16522K [0x000000076af00000, 0x0000000781600000, 0x00000007c0000000)
  eden space 318976K, 0% used [0x000000076af00000,0x000000076af00000,0x000000077e680000)
  from space 16896K, 97% used [0x0000000780580000,0x00000007815a2ba0,0x0000000781600000)
  to   space 20992K, 0% used [0x000000077ed00000,0x000000077ed00000,0x0000000780180000)
 ParOldGen       total 124928K, used 23533K [0x00000006c0c00000, 0x00000006c8600000, 0x000000076af00000)
  object space 124928K, 18% used [0x00000006c0c00000,0x00000006c22fb430,0x00000006c8600000)
 Metaspace       used 56841K, capacity 58876K, committed 59008K, reserved 1099776K
  class space    used 7347K, capacity 7733K, committed 7808K, reserved 1048576K
Event: 111.475 GC heap after
Heap after GC invocations=11 (full 3):
 PSYoungGen      total 335872K, used 0K [0x000000076af00000, 0x0000000781600000, 0x00000007c0000000)
  eden space 318976K, 0% used [0x000000076af00000,0x000000076af00000,0x000000077e680000)
  from space 16896K, 0% used [0x0000000780580000,0x0000000780580000,0x0000000781600000)
  to   space 20992K, 0% used [0x000000077ed00000,0x000000077ed00000,0x0000000780180000)
 ParOldGen       total 164864K, used 26297K [0x00000006c0c00000, 0x00000006cad00000, 0x000000076af00000)
  object space 164864K, 15% used [0x00000006c0c00000,0x00000006c25ae500,0x00000006cad00000)
 Metaspace       used 56833K, capacity 58864K, committed 59008K, reserved 1099776K
  class space    used 7346K, capacity 7731K, committed 7808K, reserved 1048576K
}

Deoptimization events (10 events):
Event: 115.688 Thread 0x000000002402a800 Uncommon trap: reason=unhandled action=none pc=0x0000000003365ce0 method=java.net.URLClassLoader.findClass(Ljava/lang/String;)Ljava/lang/Class; @ 44
Event: 115.688 Thread 0x000000002402a800 Uncommon trap: reason=unhandled action=none pc=0x0000000003365ce0 method=java.net.URLClassLoader.findClass(Ljava/lang/String;)Ljava/lang/Class; @ 44
Event: 115.689 Thread 0x000000002402a800 Uncommon trap: reason=unhandled action=none pc=0x0000000003365ce0 method=java.net.URLClassLoader.findClass(Ljava/lang/String;)Ljava/lang/Class; @ 44
Event: 115.689 Thread 0x000000002402a800 Uncommon trap: reason=unhandled action=none pc=0x0000000003365ce0 method=java.net.URLClassLoader.findClass(Ljava/lang/String;)Ljava/lang/Class; @ 44
Event: 115.689 Thread 0x000000002402a800 Uncommon trap: reason=unhandled action=none pc=0x0000000003365ce0 method=java.net.URLClassLoader.findClass(Ljava/lang/String;)Ljava/lang/Class; @ 44
Event: 115.689 Thread 0x000000002402a800 Uncommon trap: reason=unhandled action=none pc=0x0000000003365ce0 method=java.net.URLClassLoader.findClass(Ljava/lang/String;)Ljava/lang/Class; @ 44
Event: 115.689 Thread 0x000000002402a800 Uncommon trap: reason=unhandled action=none pc=0x0000000003365ce0 method=java.net.URLClassLoader.findClass(Ljava/lang/String;)Ljava/lang/Class; @ 44
Event: 115.690 Thread 0x000000002402a800 Uncommon trap: reason=unhandled action=none pc=0x0000000003365ce0 method=java.net.URLClassLoader.findClass(Ljava/lang/String;)Ljava/lang/Class; @ 44
Event: 115.690 Thread 0x000000002402a800 Uncommon trap: reason=unhandled action=none pc=0x0000000003365ce0 method=java.net.URLClassLoader.findClass(Ljava/lang/String;)Ljava/lang/Class; @ 44
Event: 115.690 Thread 0x000000002402a800 Uncommon trap: reason=unhandled action=none pc=0x0000000003365ce0 method=java.net.URLClassLoader.findClass(Ljava/lang/String;)Ljava/lang/Class; @ 44

Internal exceptions (10 events):
Event: 111.482 Thread 0x000000001ca05800 Exception <a 'java/net/SocketException': socket closed> (0x000000076b043908) thrown at [C:\re\workspace\8-2-build-windows-amd64-cygwin\jdk8u74\6087\hotspot\src\share\vm\prims\jni.cpp, line 735]
Event: 114.839 Thread 0x000000002402a800 Exception <a 'java/lang/ClassNotFoundException': java/lang/ObjectCustomizer> (0x000000076af6ab80) thrown at [C:\re\workspace\8-2-build-windows-amd64-cygwin\jdk8u74\6087\hotspot\src\share\vm\classfile\systemDictionary.cpp, line 210]
Event: 114.839 Thread 0x000000002402a800 Exception <a 'java/lang/ArrayIndexOutOfBoundsException': 22> (0x000000076af6dec8) thrown at [C:\re\workspace\8-2-build-windows-amd64-cygwin\jdk8u74\6087\hotspot\src\share\vm\interpreter\interpreterRuntime.cpp, line 366]
Event: 114.840 Thread 0x000000002402a800 Exception <a 'java/lang/ClassNotFoundException': gov/nyc/doitt/casematters/submitter/lm/model/LmSubmissionCustomizer> (0x000000076af88108) thrown at [C:\re\workspace\8-2-build-windows-amd64-cygwin\jdk8u74\6087\hotspot\src\share\vm\classfile\systemDictionar¡^"RÂµ\@
Event: 114.840 Thread 0x000000002402a800 Exception <a 'java/lang/ArrayIndexOutOfBoundsException': 83> (0x000000076af9aec8) thrown at [C:\re\workspace\8-2-build-windows-amd64-cygwin\jdk8u74\6087\hotspot\src\share\vm\interpreter\interpreterRuntime.cpp, line 366]
Event: 114.840 Thread 0x000000002402a800 Exception <a 'java/lang/ArrayIndexOutOfBoundsException': 84> (0x000000076af9cc68) thrown at [C:\re\workspace\8-2-build-windows-amd64-cygwin\jdk8u74\6087\hotspot\src\share\vm\interpreter\interpreterRuntime.cpp, line 366]
Event: 114.840 Thread 0x000000002402a800 Exception <a 'java/lang/ArrayIndexOutOfBoundsException': 89> (0x000000076af9ed20) thrown at [C:\re\workspace\8-2-build-windows-amd64-cygwin\jdk8u74\6087\hotspot\src\share\vm\interpreter\interpreterRuntime.cpp, line 366]
Event: 114.840 Thread 0x000000002402a800 Exception <a 'java/lang/ArrayIndexOutOfBoundsException': 90> (0x000000076afa0bc0) thrown at [C:\re\workspace\8-2-build-windows-amd64-cygwin\jdk8u74\6087\hotspot\src\share\vm\interpreter\interpreterRuntime.cpp, line 366]
Event: 143.254 Thread 0x000000002402d000 Exception <a 'java/net/SocketTimeoutException': Read timed out> (0x000000076c1c2f10) thrown at [C:\re\workspace\8-2-build-windows-amd64-cygwin\jdk8u74\6087\hotspot\src\share\vm\prims\jni.cpp, line 735]
Event: 148.555 Thread 0x000000002402e000 Exception <a 'java/net/SocketTimeoutException': Read timed out> (0x000000076c440e80) thrown at [C:\re\workspace\8-2-build-windows-amd64-cygwin\jdk8u74\6087\hotspot\src\share\vm\prims\jni.cpp, line 735]

Events (10 events):
Event: 1808.343 Executing VM operation: RevokeBias
Event: 1808.343 Executing VM operation: RevokeBias done
Event: 1808.343 Thread 0x000000002402d000 Thread exited: 0x000000002402d000
Event: 1808.343 Executing VM operation: ChangeBreakpoints
Event: 1808.345 Executing VM operation: ChangeBreakpoints done
Event: 1808.387 Executing VM operation: ChangeBreakpoints
Event: 1808.389 Executing VM operation: ChangeBreakpoints done
Event: 1808.389 Executing VM operation: RevokeBias
Event: 1808.390 Executing VM operation: RevokeBias done
Event: 1808.390 Thread 0x000000002402e800 Thread exited: 0x000000002402e800


Dynamic libraries:
0x000000013f140000 - 0x000000013f177000 	C:\Program Files\Java\jdk1.8.0_74\bin\javaw.exe
0x0000000077040000 - 0x00000000771df000 	C:\windows\SYSTEM32\ntdll.dll
0x0000000076d20000 - 0x0000000076e3f000 	C:\windows\system32\kernel32.dll
0x000007fefce40000 - 0x000007fefcea7000 	C:\windows\system32\KERNELBASE.dll
0x000007feff250000 - 0x000007feff32b000 	C:\windows\system32\ADVAPI32.dll
0x000007fefd310000 - 0x000007fefd3af000 	C:\windows\system32\msvcrt.dll
0x000007fefd6a0000 - 0x000007fefd6bf000 	C:\windows\SYSTEM32\sechost.dll
0x000007fefed40000 - 0x000007fefee6c000 	C:\windows\system32\RPCRT4.dll
0x0000000076e40000 - 0x0000000076f3a000 	C:\windows\system32\USER32.dll
0x000007fefd2a0000 - 0x000007fefd307000 	C:\windows\system32\GDI32.dll
0x000007fefd100000 - 0x000007fefd10e000 	C:\windows\system32\LPK.dll
0x000007fefd030000 - 0x000007fefd0fb000 	C:\windows\system32\USP10.dll
0x000007fefaef0000 - 0x000007fefb0e5000 	C:\windows\WinSxS\amd64_microsoft.windows.common-controls_6595b64144ccf1df_6.0.7601.24483_none_e372d88f30fbb845\COMCTL32.dll
0x000007fefd110000 - 0x000007fefd181000 	C:\windows\system32\SHLWAPI.dll
0x000007fefed10000 - 0x000007fefed3e000 	C:\windows\system32\IMM32.DLL
0x000007fefd190000 - 0x000007fefd29b000 	C:\windows\system32\MSCTF.dll
0x0000000000230000 - 0x0000000000241000 	C:\windows\System32\umppc9504.dll
0x000007fef1bc0000 - 0x000007fef1c6c000 	C:\Program Files\McAfee\Host Intrusion Prevention\HcApi.dll
0x000007fefcef0000 - 0x000007fefcf2b000 	C:\windows\system32\WINTRUST.dll
0x000007fefcbb0000 - 0x000007fefcd1d000 	C:\windows\system32\CRYPT32.dll
0x000007fefcb90000 - 0x000007fefcb9f000 	C:\windows\system32\MSASN1.dll
0x0000000071b90000 - 0x0000000071b9c000 	C:\Program Files\McAfee\Host Intrusion Prevention\HcThe.dll
0x0000000061880000 - 0x0000000061952000 	C:\Program Files\Java\jdk1.8.0_74\jre\bin\msvcr100.dll
0x0000000070110000 - 0x00000000709a0000 	C:\Program Files\Java\jdk1.8.0_74\jre\bin\server\jvm.dll
0x000007fefc8b0000 - 0x000007fefc8b9000 	C:\windows\system32\WSOCK32.dll
0x000007fefd650000 - 0x000007fefd69d000 	C:\windows\system32\WS2_32.dll
0x000007feff060000 - 0x000007feff068000 	C:\windows\system32\NSI.dll
0x000007fefab30000 - 0x000007fefab6b000 	C:\windows\system32\WINMM.dll
0x000007fefba30000 - 0x000007fefba3c000 	C:\windows\system32\VERSION.dll
0x00000000771e0000 - 0x00000000771e7000 	C:\windows\system32\PSAPI.DLL
0x0000000072990000 - 0x000000007299f000 	C:\Program Files\Java\jdk1.8.0_74\jre\bin\verify.dll
0x000000006dfe0000 - 0x000000006e009000 	C:\Program Files\Java\jdk1.8.0_74\jre\bin\java.dll
0x000000005b020000 - 0x000000005b055000 	C:\Program Files\Java\jdk1.8.0_74\jre\bin\jdwp.dll
0x00000000720e0000 - 0x00000000720e8000 	C:\Program Files\Java\jdk1.8.0_74\jre\bin\npt.dll
0x0000000072750000 - 0x0000000072766000 	C:\Program Files\Java\jdk1.8.0_74\jre\bin\zip.dll
0x000007fefd780000 - 0x000007fefe50b000 	C:\windows\system32\SHELL32.dll
0x000007fefd3b0000 - 0x000007fefd5af000 	C:\windows\system32\ole32.dll
0x000007fefcba0000 - 0x000007fefcbaf000 	C:\windows\system32\profapi.dll
0x00000000720f0000 - 0x00000000720f9000 	C:\Program Files\Java\jdk1.8.0_74\jre\bin\dt_socket.dll
0x000007fefa970000 - 0x000007fefa985000 	C:\windows\system32\NLAapi.dll
0x000007fef9020000 - 0x000007fef9035000 	C:\windows\system32\napinsp.dll
0x000007fef9080000 - 0x000007fef9099000 	C:\windows\system32\pnrpnsp.dll
0x000007fefc060000 - 0x000007fefc0b5000 	C:\windows\System32\mswsock.dll
0x000007fefbee0000 - 0x000007fefbf3b000 	C:\windows\system32\DNSAPI.dll
0x000007fef9010000 - 0x000007fef901b000 	C:\windows\System32\winrnr.dll
0x000007fefc880000 - 0x000007fefc8a7000 	C:\windows\system32\IPHLPAPI.DLL
0x000007fefc870000 - 0x000007fefc87b000 	C:\windows\system32\WINNSI.DLL
0x000007fef9500000 - 0x000007fef9553000 	C:\windows\System32\fwpuclnt.dll
0x000007fef90d0000 - 0x000007fef90d8000 	C:\windows\system32\rasadhlp.dll
0x000007fefbd50000 - 0x000007fefbd57000 	C:\windows\System32\wshtcpip.dll
0x00000000727c0000 - 0x00000000727cd000 	C:\Program Files\Java\jdk1.8.0_74\jre\bin\management.dll
0x000000006dfc0000 - 0x000000006dfda000 	C:\Program Files\Java\jdk1.8.0_74\jre\bin\net.dll
0x000007fefc050000 - 0x000007fefc057000 	C:\windows\System32\wship6.dll
0x000000006dbf0000 - 0x000000006dc01000 	C:\Program Files\Java\jdk1.8.0_74\jre\bin\nio.dll
0x000007fefc300000 - 0x000007fefc318000 	C:\windows\system32\CRYPTSP.dll
0x000007fefbc50000 - 0x000007fefbc97000 	C:\windows\system32\rsaenh.dll
0x000007fefcd40000 - 0x000007fefcd5f000 	C:\windows\system32\USERENV.dll
0x000007fefc750000 - 0x000007fefc75f000 	C:\windows\system32\CRYPTBASE.dll
0x000007fef96e0000 - 0x000007fef96f1000 	C:\windows\system32\dhcpcsvc6.DLL
0x000007fef9640000 - 0x000007fef9658000 	C:\windows\system32\dhcpcsvc.DLL
0x0000000071810000 - 0x0000000071834000 	C:\Program Files\Java\jdk1.8.0_74\jre\bin\sunec.dll
0x000007fefc8c0000 - 0x000007fefc9e5000 	C:\windows\system32\dbghelp.dll

VM Arguments:
jvm_args: -agentlib:jdwp=transport=dt_socket,suspend=y,address=localhost:52251 -Dfile.encoding=UTF-8 
java_command: gov.nyc.doitt.casematters.submitter.CaseMattersSubmitterSpringBootApplication
java_class_path (initial): C:\Program Files\Java\jdk1.8.0_74\jre\lib\resources.jar;C:\Program Files\Java\jdk1.8.0_74\jre\lib\rt.jar;C:\Program Files\Java\jdk1.8.0_74\jre\lib\jsse.jar;C:\Program Files\Java\jdk1.8.0_74\jre\lib\jce.jar;C:\Program Files\Java\jdk1.8.0_74\jre\lib\charsets.jar;C:\Program Files\Java\jdk1.8.0_74\jre\lib\jfr.jar;C:\Program Files\Java\jdk1.8.0_74\jre\lib\ext\access-bridge-64.jar;C:\Program Files\Java\jdk1.8.0_74\jre\lib\ext\cldrdata.jar;C:\Program Files\Java\jdk1.8.0_74\jre\lib\ext\dnsns.jar;C:\Program Files\Java\jdk1.8.0_74\jre\lib\ext\jaccess.jar;C:\Program Files\Java\jdk1.8.0_74\jre\lib\ext\jfxrt.jar;C:\Program Files\Java\jdk1.8.0_74\jre\lib\ext\localedata.jar;C:\Program Files\Java\jdk1.8.0_74\jre\lib\ext\nashorn.jar;C:\Program Files\Java\jdk1.8.0_74\jre\lib\ext\sunec.jar;C:\Program Files\Java\jdk1.8.0_74\jre\lib\ext\sunjce_provider.jar;C:\Program Files\Java\jdk1.8.0_74\jre\lib\ext\sunmscapi.jar;C:\Program Files\Java\jdk1.8.0_74\jre\lib\ext\sunpkcs11.jar;C:\Program Files\Java\jdk1.8.0_74\jre\lib\ext\zipfs.jar;C:\Joseph\work1\CaseMatters-Submitter\target\classes;C:\Users\josfriedman\.m2\repository\org\springframework\boot\spring-boot-starter-data-jpa\2.0.6.RELEASE\spring-boot-starter-data-jpa-2.0.6.RELEASE.jar;C:\Users\josfriedman\.m2\repository\org\springframework\boot\spring-boot-starter\2.0.6.RELEASE\spring-boot-starter-2.0.6.RELEASE.jar;C:\Users\josfriedman\.m2\repository\org\springframework\boot\spring-boot-starter-logging\2.0.6.RELEASE\spring-boot-starter-logging-2.0.6.RELEASE.jar;C:\Users\josfriedman\.m2\repository\org\apache\logging\log4j\log4j-to-slf4j\2.10.0\log4j-to-slf4j-2.10.0.jar;C:\Users\josfriedman\.m2\repository\org\apache\logging\log4j\log4j-api\2.10.0\log4j-api-2.10.0.jar;C:\Users\josfriedman\.m2\repository\org\slf4j\jul-to-slf4j\1.7.25\jul-to-slf4j-1.7.25.jar;C:\Users\josfriedman\.m2\repository\javax\annotation\javax.annotation-api\1.3.2\javax.annotation-api-1.3.2.jar;C:\Users\josfriedman\.m2\repository\org\yaml\snakeya
Launcher Type: SUN_STANDARD

Environment Variables:
JAVA_HOME=C:\Program Files\Java\jdk1.8.0_74
PATH=C:\Program Files\Java\jdk1.8.0_74\jre\bin;C:\Program Files (x86)\Microsoft SDKs\Azure\CLI2\wbin;c:\bin;C:\Program Files (x86)\Common Files\Oracle\Java\javapath;C:\app\gachi\product\12.2.0\client_1;C:\ProgramData\Oracle\Java\javapath;C:\windows\system32;C:\windows;C:\windows\System32\Wbem;C:\windows\System32\WindowsPowerShell\v1.0\;C:\Program Files (x86)\Enterprise Vault\EVClient\;C:\Program Files\Java\jdk1.8.0_74\bin;C:\Program Files\Git\mingw64\bin;C:\Softwares\apache-maven-3.5.0-bin\apache-maven-3.5.0\bin;C:\Program Files\nodejs\;C:\Program Files\Microsoft VS Code\bin;c:\Softwares\apache-ant-1.10.5\bin;c:\Gradle\gradle-4.10.2\bin;c:\php5;C:\Program Files (x86)\DevDesktop\tools;C:\Program Files\OpenSSH\bin;C:\Program Files (x86)\PuTTY\;C:\Program Files\TortoiseGit\bin;C:\Program Files\TortoiseSVN\bin;C:\opscode\chefdk\bin\;C:\Program Files\dotnet\;C:\Program Files\Microsoft SQL Server\130\Tools\Binn\;C:\Program Files\Microsoft SQL Server\Client SDK\ODBC\170\Tools\Binn\;C:\windows\System32\WindowsPowerShell\v1.0\;;C:\Program Files\Docker Toolbox
USERNAME=josfriedman
OS=Windows_NT
PROCESSOR_IDENTIFIER=Intel64 Family 6 Model 58 Stepping 9, GenuineIntel



---------------  S Y S T E M  ---------------

OS: Windows 7 , 64 bit Build 7601 (6.1.7601.24511)

CPU:total 8 (4 cores per cpu, 2 threads per core) family 6 model 58 stepping 9, cmov, cx8, fxsr, mmx, sse, sse2, sse3, ssse3, sse4.1, sse4.2, popcnt, avx, aes, clmul, erms, ht, tsc, tscinvbit, tscinv

Memory: 4k page, physical 16720364k(4084216k free), swap 33438828k(14710692k free)

vm_info: Java HotSpot(TM) 64-Bit Server VM (25.74-b02) for windows-amd64 JRE (1.8.0_74-b02), built on Jan 29 2016 17:42:36 by "java_re" with MS VC++ 10.0 (VS2010)

time: Mon Sep 30 18:37:35 2019
elapsed time: 1808 seconds (0d 0h 30m 8s)

